<?xml version="1.0" encoding="UTF-8"?>
<testsuite name="org.springframework.aop.interceptor.ConcurrencyThrottleInterceptorTests" tests="3" skipped="0" failures="0" errors="0" timestamp="2025-01-09T13:24:29" hostname="zhoufudundeMacBook-Pro.local" time="0.636">
  <properties/>
  <testcase name="testMultipleThreadsWithLimit1()" classname="org.springframework.aop.interceptor.ConcurrencyThrottleInterceptorTests" time="0.323"/>
  <testcase name="testMultipleThreadsWithLimit10()" classname="org.springframework.aop.interceptor.ConcurrencyThrottleInterceptorTests" time="0.189"/>
  <testcase name="testSerializable()" classname="org.springframework.aop.interceptor.ConcurrencyThrottleInterceptorTests" time="0.113"/>
  <system-out><![CDATA[]]></system-out>
  <system-err><![CDATA[]]></system-err>
</testsuite>
